0 info it worked if it ends with ok
1 verbose cli [ 'C:\\Program Files\\nodejs\\node.exe',
1 verbose cli   'C:\\Program Files\\nodejs\\node_modules\\npm\\bin\\npm-cli.js',
1 verbose cli   'install',
1 verbose cli   'bson' ]
2 info using npm@3.8.9
3 info using node@v6.2.0
4 silly loadCurrentTree Starting
5 silly install loadCurrentTree
6 silly install readLocalPackageData
7 silly fetchPackageMetaData bson
8 silly fetchNamedPackageData bson
9 silly mapToRegistry name bson
10 silly mapToRegistry using default registry
11 silly mapToRegistry registry https://registry.npmjs.org/
12 silly mapToRegistry data Result {
12 silly mapToRegistry   raw: 'bson',
12 silly mapToRegistry   scope: null,
12 silly mapToRegistry   name: 'bson',
12 silly mapToRegistry   rawSpec: '',
12 silly mapToRegistry   spec: 'latest',
12 silly mapToRegistry   type: 'tag' }
13 silly mapToRegistry uri https://registry.npmjs.org/bson
14 verbose request uri https://registry.npmjs.org/bson
15 verbose request no auth needed
16 info attempt registry request try #1 at 2:38:11 PM
17 verbose request id 65caead749e4df55
18 verbose etag W/"59daa582-1af50"
19 verbose lastModified Sun, 08 Oct 2017 22:24:02 GMT
20 http request GET https://registry.npmjs.org/bson
21 http 304 https://registry.npmjs.org/bson
22 verbose headers { date: 'Tue, 17 Oct 2017 09:08:13 GMT',
22 verbose headers   via: '1.1 varnish',
22 verbose headers   'cache-control': 'max-age=300',
22 verbose headers   etag: 'W/"59daa582-1af50"',
22 verbose headers   age: '292',
22 verbose headers   connection: 'keep-alive',
22 verbose headers   'x-served-by': 'cache-lax8620-LAX',
22 verbose headers   'x-cache': 'HIT',
22 verbose headers   'x-cache-hits': '1',
22 verbose headers   'x-timer': 'S1508231294.571577,VS0,VE1',
22 verbose headers   vary: 'Accept-Encoding, Accept' }
23 silly get cb [ 304,
23 silly get   { date: 'Tue, 17 Oct 2017 09:08:13 GMT',
23 silly get     via: '1.1 varnish',
23 silly get     'cache-control': 'max-age=300',
23 silly get     etag: 'W/"59daa582-1af50"',
23 silly get     age: '292',
23 silly get     connection: 'keep-alive',
23 silly get     'x-served-by': 'cache-lax8620-LAX',
23 silly get     'x-cache': 'HIT',
23 silly get     'x-cache-hits': '1',
23 silly get     'x-timer': 'S1508231294.571577,VS0,VE1',
23 silly get     vary: 'Accept-Encoding, Accept' } ]
24 verbose etag https://registry.npmjs.org/bson from cache
25 verbose get saving bson to C:\Users\RajeevPC\AppData\Roaming\npm-cache\registry.npmjs.org\bson\.cache.json
26 verbose correctMkdir C:\Users\RajeevPC\AppData\Roaming\npm-cache correctMkdir not in flight; initializing
27 silly install normalizeTree
28 silly loadCurrentTree Finishing
29 silly loadIdealTree Starting
30 silly install loadIdealTree
31 silly cloneCurrentTree Starting
32 silly install cloneCurrentTreeToIdealTree
33 silly cloneCurrentTree Finishing
34 silly loadShrinkwrap Starting
35 silly install loadShrinkwrap
36 silly loadShrinkwrap Finishing
37 silly loadAllDepsIntoIdealTree Starting
38 silly install loadAllDepsIntoIdealTree
39 silly resolveWithNewModule bson@1.0.4 checking installable status
40 silly cache add args [ 'bson', null ]
41 verbose cache add spec bson
42 silly cache add parsed spec Result {
42 silly cache add   raw: 'bson',
42 silly cache add   scope: null,
42 silly cache add   name: 'bson',
42 silly cache add   rawSpec: '',
42 silly cache add   spec: 'latest',
42 silly cache add   type: 'tag' }
43 silly addNamed bson@latest
44 verbose addNamed "latest" is being treated as a dist-tag for bson
45 info addNameTag [ 'bson', 'latest' ]
46 silly mapToRegistry name bson
47 silly mapToRegistry using default registry
48 silly mapToRegistry registry https://registry.npmjs.org/
49 silly mapToRegistry data Result {
49 silly mapToRegistry   raw: 'bson',
49 silly mapToRegistry   scope: null,
49 silly mapToRegistry   name: 'bson',
49 silly mapToRegistry   rawSpec: '',
49 silly mapToRegistry   spec: 'latest',
49 silly mapToRegistry   type: 'tag' }
50 silly mapToRegistry uri https://registry.npmjs.org/bson
51 verbose addNameTag registry:https://registry.npmjs.org/bson not in flight; fetching
52 verbose get https://registry.npmjs.org/bson not expired, no request
53 silly addNameTag next cb for bson with tag latest
54 silly addNamed bson@1.0.4
55 verbose addNamed "1.0.4" is a plain semver version for bson
56 silly cache afterAdd bson@1.0.4
57 verbose afterAdd C:\Users\RajeevPC\AppData\Roaming\npm-cache\bson\1.0.4\package\package.json not in flight; writing
58 verbose correctMkdir C:\Users\RajeevPC\AppData\Roaming\npm-cache correctMkdir not in flight; initializing
59 verbose afterAdd C:\Users\RajeevPC\AppData\Roaming\npm-cache\bson\1.0.4\package\package.json written
60 silly fetchNamedPackageData bson
61 silly mapToRegistry name bson
62 silly mapToRegistry using default registry
63 silly mapToRegistry registry https://registry.npmjs.org/
64 silly mapToRegistry data Result {
64 silly mapToRegistry   raw: 'bson',
64 silly mapToRegistry   scope: null,
64 silly mapToRegistry   name: 'bson',
64 silly mapToRegistry   rawSpec: '',
64 silly mapToRegistry   spec: 'latest',
64 silly mapToRegistry   type: 'tag' }
65 silly mapToRegistry uri https://registry.npmjs.org/bson
66 silly resolveWithNewModule bson@0.2.22 checking installable status
67 silly cache add args [ 'bson@~0.2', null ]
68 verbose cache add spec bson@~0.2
69 silly cache add parsed spec Result {
69 silly cache add   raw: 'bson@~0.2',
69 silly cache add   scope: null,
69 silly cache add   name: 'bson',
69 silly cache add   rawSpec: '~0.2',
69 silly cache add   spec: '>=0.2.0 <0.3.0',
69 silly cache add   type: 'range' }
70 silly addNamed bson@>=0.2.0 <0.3.0
71 verbose addNamed ">=0.2.0 <0.3.0" is a valid semver range for bson
72 silly addNameRange { name: 'bson', range: '>=0.2.0 <0.3.0', hasData: false }
73 silly mapToRegistry name bson
74 silly mapToRegistry using default registry
75 silly mapToRegistry registry https://registry.npmjs.org/
76 silly mapToRegistry data Result {
76 silly mapToRegistry   raw: 'bson',
76 silly mapToRegistry   scope: null,
76 silly mapToRegistry   name: 'bson',
76 silly mapToRegistry   rawSpec: '',
76 silly mapToRegistry   spec: 'latest',
76 silly mapToRegistry   type: 'tag' }
77 silly mapToRegistry uri https://registry.npmjs.org/bson
78 verbose addNameRange registry:https://registry.npmjs.org/bson not in flight; fetching
79 verbose get https://registry.npmjs.org/bson not expired, no request
80 silly addNameRange number 2 { name: 'bson', range: '>=0.2.0 <0.3.0', hasData: true }
81 silly addNameRange versions [ 'bson',
81 silly addNameRange   [ '0.0.1',
81 silly addNameRange     '0.0.2',
81 silly addNameRange     '0.0.3',
81 silly addNameRange     '0.0.4',
81 silly addNameRange     '0.0.5',
81 silly addNameRange     '0.0.6',
81 silly addNameRange     '0.0.7',
81 silly addNameRange     '0.0.8',
81 silly addNameRange     '0.0.9',
81 silly addNameRange     '0.1.0',
81 silly addNameRange     '0.1.1',
81 silly addNameRange     '0.1.3',
81 silly addNameRange     '0.1.4',
81 silly addNameRange     '0.1.5',
81 silly addNameRange     '0.1.6',
81 silly addNameRange     '0.1.7',
81 silly addNameRange     '0.1.8',
81 silly addNameRange     '0.1.9',
81 silly addNameRange     '0.2.0',
81 silly addNameRange     '0.2.1',
81 silly addNameRange     '0.2.2',
81 silly addNameRange     '0.2.3',
81 silly addNameRange     '0.2.4',
81 silly addNameRange     '0.2.5',
81 silly addNameRange     '0.2.6',
81 silly addNameRange     '0.2.7',
81 silly addNameRange     '0.2.8',
81 silly addNameRange     '0.2.9',
81 silly addNameRange     '0.2.10',
81 silly addNameRange     '0.2.11',
81 silly addNameRange     '0.2.12',
81 silly addNameRange     '0.2.13',
81 silly addNameRange     '0.2.14',
81 silly addNameRange     '0.2.15',
81 silly addNameRange     '0.2.16',
81 silly addNameRange     '0.2.17',
81 silly addNameRange     '0.2.18',
81 silly addNameRange     '0.2.19',
81 silly addNameRange     '0.2.20',
81 silly addNameRange     '0.2.21',
81 silly addNameRange     '0.3.0',
81 silly addNameRange     '0.3.1',
81 silly addNameRange     '0.3.2',
81 silly addNameRange     '0.4.0',
81 silly addNameRange     '0.4.1',
81 silly addNameRange     '0.4.2',
81 silly addNameRange     '0.4.3',
81 silly addNameRange     '0.4.4',
81 silly addNameRange     '0.4.5',
81 silly addNameRange     '0.4.6',
81 silly addNameRange     '0.4.7',
81 silly addNameRange     '0.4.8',
81 silly addNameRange     '0.2.22',
81 silly addNameRange     '0.4.10',
81 silly addNameRange     '0.4.12',
81 silly addNameRange     '0.4.13',
81 silly addNameRange     '0.4.14',
81 silly addNameRange     '0.4.15',
81 silly addNameRange     '0.4.16',
81 silly addNameRange     '0.4.17',
81 silly addNameRange     '0.4.18',
81 silly addNameRange     '0.4.19',
81 silly addNameRange     '0.4.20',
81 silly addNameRange     '0.4.21',
81 silly addNameRange     '0.4.22',
81 silly addNameRange     '0.4.23',
81 silly addNameRange     '0.5.0',
81 silly addNameRange     '0.5.1',
81 silly addNameRange     '0.5.2',
81 silly addNameRange     '0.5.3',
81 silly addNameRange     '0.5.4',
81 silly addNameRange     '0.5.5',
81 silly addNameRange     '0.5.6',
81 silly addNameRange     '0.5.7',
81 silly addNameRange     '1.0.0',
81 silly addNameRange     '1.0.1',
81 silly addNameRange     '1.0.2',
81 silly addNameRange     '1.0.3',
81 silly addNameRange     '1.0.4' ] ]
82 silly addNamed bson@0.2.22
83 verbose addNamed "0.2.22" is a plain semver version for bson
84 silly cache afterAdd bson@0.2.22
85 verbose afterAdd C:\Users\RajeevPC\AppData\Roaming\npm-cache\bson\0.2.22\package\package.json not in flight; writing
86 verbose correctMkdir C:\Users\RajeevPC\AppData\Roaming\npm-cache correctMkdir not in flight; initializing
87 verbose afterAdd C:\Users\RajeevPC\AppData\Roaming\npm-cache\bson\0.2.22\package\package.json written
88 silly fetchNamedPackageData nan
89 silly mapToRegistry name nan
90 silly mapToRegistry using default registry
91 silly mapToRegistry registry https://registry.npmjs.org/
92 silly mapToRegistry data Result {
92 silly mapToRegistry   raw: 'nan',
92 silly mapToRegistry   scope: null,
92 silly mapToRegistry   name: 'nan',
92 silly mapToRegistry   rawSpec: '',
92 silly mapToRegistry   spec: 'latest',
92 silly mapToRegistry   type: 'tag' }
93 silly mapToRegistry uri https://registry.npmjs.org/nan
94 verbose request uri https://registry.npmjs.org/nan
95 verbose request no auth needed
96 info attempt registry request try #1 at 2:38:13 PM
97 verbose etag W/"59c33594-20237"
98 verbose lastModified Thu, 21 Sep 2017 03:44:20 GMT
99 http request GET https://registry.npmjs.org/nan
100 http 304 https://registry.npmjs.org/nan
101 verbose headers { date: 'Tue, 17 Oct 2017 09:08:14 GMT',
101 verbose headers   via: '1.1 varnish',
101 verbose headers   'cache-control': 'max-age=300',
101 verbose headers   etag: 'W/"59c33594-20237"',
101 verbose headers   age: '134',
101 verbose headers   connection: 'keep-alive',
101 verbose headers   'x-served-by': 'cache-lax8620-LAX',
101 verbose headers   'x-cache': 'HIT',
101 verbose headers   'x-cache-hits': '1',
101 verbose headers   'x-timer': 'S1508231294.163290,VS0,VE1',
101 verbose headers   vary: 'Accept-Encoding, Accept' }
102 silly get cb [ 304,
102 silly get   { date: 'Tue, 17 Oct 2017 09:08:14 GMT',
102 silly get     via: '1.1 varnish',
102 silly get     'cache-control': 'max-age=300',
102 silly get     etag: 'W/"59c33594-20237"',
102 silly get     age: '134',
102 silly get     connection: 'keep-alive',
102 silly get     'x-served-by': 'cache-lax8620-LAX',
102 silly get     'x-cache': 'HIT',
102 silly get     'x-cache-hits': '1',
102 silly get     'x-timer': 'S1508231294.163290,VS0,VE1',
102 silly get     vary: 'Accept-Encoding, Accept' } ]
103 verbose etag https://registry.npmjs.org/nan from cache
104 verbose get saving nan to C:\Users\RajeevPC\AppData\Roaming\npm-cache\registry.npmjs.org\nan\.cache.json
105 verbose correctMkdir C:\Users\RajeevPC\AppData\Roaming\npm-cache correctMkdir not in flight; initializing
106 silly resolveWithNewModule nan@1.8.4 checking installable status
107 silly cache add args [ 'nan@~1.8', null ]
108 verbose cache add spec nan@~1.8
109 silly cache add parsed spec Result {
109 silly cache add   raw: 'nan@~1.8',
109 silly cache add   scope: null,
109 silly cache add   name: 'nan',
109 silly cache add   rawSpec: '~1.8',
109 silly cache add   spec: '>=1.8.0 <1.9.0',
109 silly cache add   type: 'range' }
110 silly addNamed nan@>=1.8.0 <1.9.0
111 verbose addNamed ">=1.8.0 <1.9.0" is a valid semver range for nan
112 silly addNameRange { name: 'nan', range: '>=1.8.0 <1.9.0', hasData: false }
113 silly mapToRegistry name nan
114 silly mapToRegistry using default registry
115 silly mapToRegistry registry https://registry.npmjs.org/
116 silly mapToRegistry data Result {
116 silly mapToRegistry   raw: 'nan',
116 silly mapToRegistry   scope: null,
116 silly mapToRegistry   name: 'nan',
116 silly mapToRegistry   rawSpec: '',
116 silly mapToRegistry   spec: 'latest',
116 silly mapToRegistry   type: 'tag' }
117 silly mapToRegistry uri https://registry.npmjs.org/nan
118 verbose addNameRange registry:https://registry.npmjs.org/nan not in flight; fetching
119 verbose get https://registry.npmjs.org/nan not expired, no request
120 silly addNameRange number 2 { name: 'nan', range: '>=1.8.0 <1.9.0', hasData: true }
121 silly addNameRange versions [ 'nan',
121 silly addNameRange   [ '0.3.0-wip',
121 silly addNameRange     '0.3.0-wip2',
121 silly addNameRange     '0.3.0',
121 silly addNameRange     '0.3.1',
121 silly addNameRange     '0.3.2',
121 silly addNameRange     '0.4.0',
121 silly addNameRange     '0.4.1',
121 silly addNameRange     '0.4.2',
121 silly addNameRange     '0.4.3',
121 silly addNameRange     '0.4.4',
121 silly addNameRange     '0.5.0',
121 silly addNameRange     '0.5.1',
121 silly addNameRange     '0.5.2',
121 silly addNameRange     '0.6.0',
121 silly addNameRange     '0.7.0',
121 silly addNameRange     '0.7.1',
121 silly addNameRange     '0.8.0',
121 silly addNameRange     '1.0.0',
121 silly addNameRange     '1.1.0',
121 silly addNameRange     '1.1.1',
121 silly addNameRange     '1.1.2',
121 silly addNameRange     '1.2.0',
121 silly addNameRange     '1.3.0',
121 silly addNameRange     '1.4.0',
121 silly addNameRange     '1.4.1',
121 silly addNameRange     '1.5.0',
121 silly addNameRange     '1.4.2',
121 silly addNameRange     '1.4.3',
121 silly addNameRange     '1.5.1',
121 silly addNameRange     '1.5.2',
121 silly addNameRange     '1.6.0',
121 silly addNameRange     '1.5.3',
121 silly addNameRange     '1.6.1',
121 silly addNameRange     '1.6.2',
121 silly addNameRange     '1.7.0',
121 silly addNameRange     '1.8.0',
121 silly addNameRange     '1.8.1',
121 silly addNameRange     '1.8.2',
121 silly addNameRange     '1.8.3',
121 silly addNameRange     '1.8.4',
121 silly addNameRange     '1.9.0',
121 silly addNameRange     '2.0.0',
121 silly addNameRange     '2.0.1',
121 silly addNameRange     '2.0.2',
121 silly addNameRange     '2.0.3',
121 silly addNameRange     '2.0.4',
121 silly addNameRange     '2.0.5',
121 silly addNameRange     '2.0.6',
121 silly addNameRange     '2.0.7',
121 silly addNameRange     '2.0.8',
121 silly addNameRange     '2.0.9',
121 silly addNameRange     '2.1.0',
121 silly addNameRange     '2.2.0',
121 silly addNameRange     '2.2.1',
121 silly addNameRange     '2.3.0',
121 silly addNameRange     '2.3.1',
121 silly addNameRange     '2.3.2',
121 silly addNameRange     '2.3.3',
121 silly addNameRange     '2.3.4',
121 silly addNameRange     '2.3.5',
121 silly addNameRange     '2.4.0',
121 silly addNameRange     '2.5.0',
121 silly addNameRange     '2.5.1',
121 silly addNameRange     '2.6.0',
121 silly addNameRange     '2.6.1',
121 silly addNameRange     '2.6.2',
121 silly addNameRange     '2.7.0' ] ]
122 silly addNamed nan@1.8.4
123 verbose addNamed "1.8.4" is a plain semver version for nan
124 silly cache afterAdd nan@1.8.4
125 verbose afterAdd C:\Users\RajeevPC\AppData\Roaming\npm-cache\nan\1.8.4\package\package.json not in flight; writing
126 verbose correctMkdir C:\Users\RajeevPC\AppData\Roaming\npm-cache correctMkdir not in flight; initializing
127 verbose afterAdd C:\Users\RajeevPC\AppData\Roaming\npm-cache\nan\1.8.4\package\package.json written
128 silly loadAllDepsIntoIdealTree Finishing
129 silly idealTree:prePrune restful@1.0.0
129 silly idealTree:prePrune +-- accepts@1.3.4
129 silly idealTree:prePrune +-- array-flatten@1.1.1
129 silly idealTree:prePrune +-- async@0.9.0
129 silly idealTree:prePrune +-- body-parser@1.18.2
129 silly idealTree:prePrune +-- bson@1.0.4
129 silly idealTree:prePrune +-- bytes@3.0.0
129 silly idealTree:prePrune +-- content-disposition@0.5.2
129 silly idealTree:prePrune +-- content-type@1.0.4
129 silly idealTree:prePrune +-- cookie-signature@1.0.6
129 silly idealTree:prePrune +-- cookie@0.3.1
129 silly idealTree:prePrune +-- core-util-is@1.0.2
129 silly idealTree:prePrune +-- debug@2.6.9
129 silly idealTree:prePrune +-- depd@1.1.1
129 silly idealTree:prePrune +-- destroy@1.0.4
129 silly idealTree:prePrune +-- ee-first@1.1.1
129 silly idealTree:prePrune +-- encodeurl@1.0.1
129 silly idealTree:prePrune +-- escape-html@1.0.3
129 silly idealTree:prePrune +-- etag@1.8.1
129 silly idealTree:prePrune +-- express@4.16.2
129 silly idealTree:prePrune +-- finalhandler@1.1.0
129 silly idealTree:prePrune +-- forwarded@0.1.2
129 silly idealTree:prePrune +-- fresh@0.5.2
129 silly idealTree:prePrune +-- hooks@0.3.2
129 silly idealTree:prePrune +-- http-errors@1.6.2
129 silly idealTree:prePrune | `-- setprototypeof@1.0.3
129 silly idealTree:prePrune +-- iconv-lite@0.4.19
129 silly idealTree:prePrune +-- inherits@2.0.3
129 silly idealTree:prePrune +-- ipaddr.js@1.5.2
129 silly idealTree:prePrune +-- isarray@1.0.0
129 silly idealTree:prePrune +-- kareem@0.0.4
129 silly idealTree:prePrune +-- kerberos@0.0.4
129 silly idealTree:prePrune +-- media-typer@0.3.0
129 silly idealTree:prePrune +-- merge-descriptors@1.0.1
129 silly idealTree:prePrune +-- methods@1.1.2
129 silly idealTree:prePrune +-- mime-db@1.30.0
129 silly idealTree:prePrune +-- mime-types@2.1.17
129 silly idealTree:prePrune +-- mime@1.4.1
129 silly idealTree:prePrune +-- mongodb@1.4.12
129 silly idealTree:prePrune | `-- bson@0.2.22
129 silly idealTree:prePrune +-- mongoose@3.9.7
129 silly idealTree:prePrune | `-- ms@0.1.0
129 silly idealTree:prePrune +-- mpath@0.1.1
129 silly idealTree:prePrune +-- mpromise@0.5.4
129 silly idealTree:prePrune +-- mquery@1.0.0
129 silly idealTree:prePrune | `-- debug@0.7.4
129 silly idealTree:prePrune +-- ms@2.0.0
129 silly idealTree:prePrune +-- muri@0.3.1
129 silly idealTree:prePrune +-- nan@1.8.4
129 silly idealTree:prePrune +-- negotiator@0.6.1
129 silly idealTree:prePrune +-- node-restful@0.2.6
129 silly idealTree:prePrune +-- on-finished@2.3.0
129 silly idealTree:prePrune +-- parseurl@1.3.2
129 silly idealTree:prePrune +-- path-to-regexp@0.1.7
129 silly idealTree:prePrune +-- process-nextick-args@1.0.7
129 silly idealTree:prePrune +-- proxy-addr@2.0.2
129 silly idealTree:prePrune +-- qs@6.5.1
129 silly idealTree:prePrune +-- range-parser@1.2.0
129 silly idealTree:prePrune +-- raw-body@2.3.2
129 silly idealTree:prePrune +-- readable-stream@2.3.3
129 silly idealTree:prePrune +-- regexp-clone@0.0.1
129 silly idealTree:prePrune +-- safe-buffer@5.1.1
129 silly idealTree:prePrune +-- send@0.16.1
129 silly idealTree:prePrune +-- serve-static@1.13.1
129 silly idealTree:prePrune +-- setprototypeof@1.1.0
129 silly idealTree:prePrune +-- sliced@0.0.5
129 silly idealTree:prePrune +-- statuses@1.3.1
129 silly idealTree:prePrune +-- string_decoder@1.0.3
129 silly idealTree:prePrune +-- type-is@1.6.15
129 silly idealTree:prePrune +-- underscore@1.8.3
129 silly idealTree:prePrune +-- unpipe@1.0.0
129 silly idealTree:prePrune +-- util-deprecate@1.0.2
129 silly idealTree:prePrune +-- utils-merge@1.0.1
129 silly idealTree:prePrune `-- vary@1.1.2
130 silly loadIdealTree Finishing
131 silly currentTree restful@1.0.0
131 silly currentTree +-- accepts@1.3.4
131 silly currentTree +-- array-flatten@1.1.1
131 silly currentTree +-- async@0.9.0
131 silly currentTree +-- body-parser@1.18.2
131 silly currentTree +-- bson@0.2.22
131 silly currentTree +-- bytes@3.0.0
131 silly currentTree +-- content-disposition@0.5.2
131 silly currentTree +-- content-type@1.0.4
131 silly currentTree +-- cookie-signature@1.0.6
131 silly currentTree +-- cookie@0.3.1
131 silly currentTree +-- core-util-is@1.0.2
131 silly currentTree +-- debug@2.6.9
131 silly currentTree +-- depd@1.1.1
131 silly currentTree +-- destroy@1.0.4
131 silly currentTree +-- ee-first@1.1.1
131 silly currentTree +-- encodeurl@1.0.1
131 silly currentTree +-- escape-html@1.0.3
131 silly currentTree +-- etag@1.8.1
131 silly currentTree +-- express@4.16.2
131 silly currentTree +-- finalhandler@1.1.0
131 silly currentTree +-- forwarded@0.1.2
131 silly currentTree +-- fresh@0.5.2
131 silly currentTree +-- hooks@0.3.2
131 silly currentTree +-- http-errors@1.6.2
131 silly currentTree | `-- setprototypeof@1.0.3
131 silly currentTree +-- iconv-lite@0.4.19
131 silly currentTree +-- inherits@2.0.3
131 silly currentTree +-- ipaddr.js@1.5.2
131 silly currentTree +-- isarray@1.0.0
131 silly currentTree +-- kareem@0.0.4
131 silly currentTree +-- kerberos@0.0.4
131 silly currentTree +-- media-typer@0.3.0
131 silly currentTree +-- merge-descriptors@1.0.1
131 silly currentTree +-- methods@1.1.2
131 silly currentTree +-- mime-db@1.30.0
131 silly currentTree +-- mime-types@2.1.17
131 silly currentTree +-- mime@1.4.1
131 silly currentTree +-- mongodb@1.4.12
131 silly currentTree +-- mongoose@3.9.7
131 silly currentTree | `-- ms@0.1.0
131 silly currentTree +-- mpath@0.1.1
131 silly currentTree +-- mpromise@0.5.4
131 silly currentTree +-- mquery@1.0.0
131 silly currentTree | `-- debug@0.7.4
131 silly currentTree +-- ms@2.0.0
131 silly currentTree +-- muri@0.3.1
131 silly currentTree +-- nan@1.8.4
131 silly currentTree +-- negotiator@0.6.1
131 silly currentTree +-- node-restful@0.2.6
131 silly currentTree +-- on-finished@2.3.0
131 silly currentTree +-- parseurl@1.3.2
131 silly currentTree +-- path-to-regexp@0.1.7
131 silly currentTree +-- process-nextick-args@1.0.7
131 silly currentTree +-- proxy-addr@2.0.2
131 silly currentTree +-- qs@6.5.1
131 silly currentTree +-- range-parser@1.2.0
131 silly currentTree +-- raw-body@2.3.2
131 silly currentTree +-- readable-stream@2.3.3
131 silly currentTree +-- regexp-clone@0.0.1
131 silly currentTree +-- safe-buffer@5.1.1
131 silly currentTree +-- send@0.16.1
131 silly currentTree +-- serve-static@1.13.1
131 silly currentTree +-- setprototypeof@1.1.0
131 silly currentTree +-- sliced@0.0.5
131 silly currentTree +-- statuses@1.3.1
131 silly currentTree +-- string_decoder@1.0.3
131 silly currentTree +-- type-is@1.6.15
131 silly currentTree +-- underscore@1.8.3
131 silly currentTree +-- unpipe@1.0.0
131 silly currentTree +-- util-deprecate@1.0.2
131 silly currentTree +-- utils-merge@1.0.1
131 silly currentTree `-- vary@1.1.2
132 silly idealTree restful@1.0.0
132 silly idealTree +-- accepts@1.3.4
132 silly idealTree +-- array-flatten@1.1.1
132 silly idealTree +-- async@0.9.0
132 silly idealTree +-- body-parser@1.18.2
132 silly idealTree +-- bson@1.0.4
132 silly idealTree +-- bytes@3.0.0
132 silly idealTree +-- content-disposition@0.5.2
132 silly idealTree +-- content-type@1.0.4
132 silly idealTree +-- cookie-signature@1.0.6
132 silly idealTree +-- cookie@0.3.1
132 silly idealTree +-- core-util-is@1.0.2
132 silly idealTree +-- debug@2.6.9
132 silly idealTree +-- depd@1.1.1
132 silly idealTree +-- destroy@1.0.4
132 silly idealTree +-- ee-first@1.1.1
132 silly idealTree +-- encodeurl@1.0.1
132 silly idealTree +-- escape-html@1.0.3
132 silly idealTree +-- etag@1.8.1
132 silly idealTree +-- express@4.16.2
132 silly idealTree +-- finalhandler@1.1.0
132 silly idealTree +-- forwarded@0.1.2
132 silly idealTree +-- fresh@0.5.2
132 silly idealTree +-- hooks@0.3.2
132 silly idealTree +-- http-errors@1.6.2
132 silly idealTree | `-- setprototypeof@1.0.3
132 silly idealTree +-- iconv-lite@0.4.19
132 silly idealTree +-- inherits@2.0.3
132 silly idealTree +-- ipaddr.js@1.5.2
132 silly idealTree +-- isarray@1.0.0
132 silly idealTree +-- kareem@0.0.4
132 silly idealTree +-- kerberos@0.0.4
132 silly idealTree +-- media-typer@0.3.0
132 silly idealTree +-- merge-descriptors@1.0.1
132 silly idealTree +-- methods@1.1.2
132 silly idealTree +-- mime-db@1.30.0
132 silly idealTree +-- mime-types@2.1.17
132 silly idealTree +-- mime@1.4.1
132 silly idealTree +-- mongodb@1.4.12
132 silly idealTree | `-- bson@0.2.22
132 silly idealTree +-- mongoose@3.9.7
132 silly idealTree | `-- ms@0.1.0
132 silly idealTree +-- mpath@0.1.1
132 silly idealTree +-- mpromise@0.5.4
132 silly idealTree +-- mquery@1.0.0
132 silly idealTree | `-- debug@0.7.4
132 silly idealTree +-- ms@2.0.0
132 silly idealTree +-- muri@0.3.1
132 silly idealTree +-- nan@1.8.4
132 silly idealTree +-- negotiator@0.6.1
132 silly idealTree +-- node-restful@0.2.6
132 silly idealTree +-- on-finished@2.3.0
132 silly idealTree +-- parseurl@1.3.2
132 silly idealTree +-- path-to-regexp@0.1.7
132 silly idealTree +-- process-nextick-args@1.0.7
132 silly idealTree +-- proxy-addr@2.0.2
132 silly idealTree +-- qs@6.5.1
132 silly idealTree +-- range-parser@1.2.0
132 silly idealTree +-- raw-body@2.3.2
132 silly idealTree +-- readable-stream@2.3.3
132 silly idealTree +-- regexp-clone@0.0.1
132 silly idealTree +-- safe-buffer@5.1.1
132 silly idealTree +-- send@0.16.1
132 silly idealTree +-- serve-static@1.13.1
132 silly idealTree +-- setprototypeof@1.1.0
132 silly idealTree +-- sliced@0.0.5
132 silly idealTree +-- statuses@1.3.1
132 silly idealTree +-- string_decoder@1.0.3
132 silly idealTree +-- type-is@1.6.15
132 silly idealTree +-- underscore@1.8.3
132 silly idealTree +-- unpipe@1.0.0
132 silly idealTree +-- util-deprecate@1.0.2
132 silly idealTree +-- utils-merge@1.0.1
132 silly idealTree `-- vary@1.1.2
133 silly generateActionsToTake Starting
134 silly install generateActionsToTake
135 silly generateActionsToTake Finishing
136 silly diffTrees action count 2
137 silly diffTrees add bson@0.2.22
138 silly diffTrees update bson@1.0.4
139 silly decomposeActions action count 16
140 silly decomposeActions fetch bson@0.2.22
141 silly decomposeActions extract bson@0.2.22
142 silly decomposeActions test bson@0.2.22
143 silly decomposeActions preinstall bson@0.2.22
144 silly decomposeActions build bson@0.2.22
145 silly decomposeActions install bson@0.2.22
146 silly decomposeActions postinstall bson@0.2.22
147 silly decomposeActions finalize bson@0.2.22
148 silly decomposeActions fetch bson@1.0.4
149 silly decomposeActions extract bson@1.0.4
150 silly decomposeActions test bson@1.0.4
151 silly decomposeActions preinstall bson@1.0.4
152 silly decomposeActions build bson@1.0.4
153 silly decomposeActions install bson@1.0.4
154 silly decomposeActions postinstall bson@1.0.4
155 silly decomposeActions finalize bson@1.0.4
156 silly executeActions Starting
157 silly install executeActions
158 silly doSerial global-install 0
159 silly doParallel fetch 2
160 verbose correctMkdir C:\Users\RajeevPC\AppData\Roaming\npm-cache\_locks correctMkdir not in flight; initializing
161 verbose lock using C:\Users\RajeevPC\AppData\Roaming\npm-cache\_locks\staging-9094bd7ee52caf0a.lock for C:\Users\RajeevPC\Desktop\restful\node_modules\.staging
162 silly doParallel extract 2
163 silly extract bson@0.2.22
164 silly extract bson@1.0.4
165 verbose unbuild node_modules\.staging\bson-8857a5a2
166 verbose unbuild node_modules\.staging\bson-046ffe56
167 silly gentlyRm C:\Users\RajeevPC\Desktop\restful\node_modules\.staging\bson-8857a5a2 is being purged from base C:\Users\RajeevPC\Desktop\restful
168 verbose gentlyRm don't care about contents; nuking C:\Users\RajeevPC\Desktop\restful\node_modules\.staging\bson-8857a5a2
169 silly gentlyRm C:\Users\RajeevPC\Desktop\restful\node_modules\.staging\bson-046ffe56 is being purged from base C:\Users\RajeevPC\Desktop\restful
170 verbose gentlyRm don't care about contents; nuking C:\Users\RajeevPC\Desktop\restful\node_modules\.staging\bson-046ffe56
171 verbose tar unpack C:\Users\RajeevPC\AppData\Roaming\npm-cache\bson\0.2.22\package.tgz
172 verbose tar unpacking to C:\Users\RajeevPC\Desktop\restful\node_modules\.staging\bson-8857a5a2
173 silly gentlyRm C:\Users\RajeevPC\Desktop\restful\node_modules\.staging\bson-8857a5a2 is being purged
174 verbose gentlyRm don't care about contents; nuking C:\Users\RajeevPC\Desktop\restful\node_modules\.staging\bson-8857a5a2
175 verbose tar unpack C:\Users\RajeevPC\AppData\Roaming\npm-cache\bson\1.0.4\package.tgz
176 verbose tar unpacking to C:\Users\RajeevPC\Desktop\restful\node_modules\.staging\bson-046ffe56
177 silly gentlyRm C:\Users\RajeevPC\Desktop\restful\node_modules\.staging\bson-046ffe56 is being purged
178 verbose gentlyRm don't care about contents; nuking C:\Users\RajeevPC\Desktop\restful\node_modules\.staging\bson-046ffe56
179 silly gunzTarPerm modes [ '777', '666' ]
180 silly gunzTarPerm modes [ '777', '666' ]
181 silly gunzTarPerm extractEntry package.json
182 silly gunzTarPerm modified mode [ 'package.json', 420, 438 ]
183 silly gunzTarPerm extractEntry package.json
184 silly gunzTarPerm modified mode [ 'package.json', 420, 438 ]
185 silly gunzTarPerm extractEntry README.md
186 silly gunzTarPerm modified mode [ 'README.md', 420, 438 ]
187 silly gunzTarPerm extractEntry LICENSE
188 silly gunzTarPerm modified mode [ 'LICENSE', 420, 438 ]
189 silly gunzTarPerm extractEntry README.md
190 silly gunzTarPerm modified mode [ 'README.md', 420, 438 ]
191 silly gunzTarPerm extractEntry index.js
192 silly gunzTarPerm modified mode [ 'index.js', 420, 438 ]
193 silly gunzTarPerm extractEntry build_browser.js
194 silly gunzTarPerm modified mode [ 'build_browser.js', 420, 438 ]
195 silly gunzTarPerm extractEntry browser_build/package.json
196 silly gunzTarPerm modified mode [ 'browser_build/package.json', 420, 438 ]
197 silly gunzTarPerm extractEntry browser_build/bson.js
198 silly gunzTarPerm modified mode [ 'browser_build/bson.js', 420, 438 ]
199 silly gunzTarPerm extractEntry browser_build/package.json
200 silly gunzTarPerm modified mode [ 'browser_build/package.json', 420, 438 ]
201 silly gunzTarPerm extractEntry browser_build/bson.js
202 silly gunzTarPerm modified mode [ 'browser_build/bson.js', 420, 438 ]
203 silly gunzTarPerm extractEntry bower.json
204 silly gunzTarPerm modified mode [ 'bower.json', 420, 438 ]
205 silly gunzTarPerm extractEntry Makefile
206 silly gunzTarPerm modified mode [ 'Makefile', 420, 438 ]
207 silly gunzTarPerm extractEntry .travis.yml
208 silly gunzTarPerm modified mode [ '.travis.yml', 420, 438 ]
209 silly gunzTarPerm extractEntry HISTORY.md
210 silly gunzTarPerm modified mode [ 'HISTORY.md', 420, 438 ]
211 silly gunzTarPerm extractEntry lib/bson/binary.js
212 silly gunzTarPerm modified mode [ 'lib/bson/binary.js', 420, 438 ]
213 silly gunzTarPerm extractEntry binding.gyp
214 silly gunzTarPerm modified mode [ 'binding.gyp', 420, 438 ]
215 silly gunzTarPerm extractEntry build/Makefile
216 silly gunzTarPerm modified mode [ 'build/Makefile', 420, 438 ]
217 silly gunzTarPerm extractEntry lib/bson/decimal128.js
218 silly gunzTarPerm modified mode [ 'lib/bson/decimal128.js', 420, 438 ]
219 silly gunzTarPerm extractEntry lib/bson/double.js
220 silly gunzTarPerm modified mode [ 'lib/bson/double.js', 420, 438 ]
221 silly gunzTarPerm extractEntry lib/bson/float_parser.js
222 silly gunzTarPerm modified mode [ 'lib/bson/float_parser.js', 420, 438 ]
223 silly gunzTarPerm extractEntry lib/bson/int_32.js
224 silly gunzTarPerm modified mode [ 'lib/bson/int_32.js', 420, 438 ]
225 silly gunzTarPerm extractEntry lib/bson/db_ref.js
226 silly gunzTarPerm modified mode [ 'lib/bson/db_ref.js', 420, 438 ]
227 silly gunzTarPerm extractEntry lib/bson/map.js
228 silly gunzTarPerm modified mode [ 'lib/bson/map.js', 420, 438 ]
229 silly gunzTarPerm extractEntry build/Release/.deps/Release/bson.node.d
230 silly gunzTarPerm modified mode [ 'build/Release/.deps/Release/bson.node.d', 420, 438 ]
231 silly gunzTarPerm extractEntry build/Release/.deps/Release/obj.target/bson/ext/bson.o.d
232 silly gunzTarPerm modified mode [ 'build/Release/.deps/Release/obj.target/bson/ext/bson.o.d',
232 silly gunzTarPerm   420,
232 silly gunzTarPerm   438 ]
233 silly gunzTarPerm extractEntry build/Release/bson.node
234 silly gunzTarPerm modified mode [ 'build/Release/bson.node', 493, 511 ]
235 silly gunzTarPerm extractEntry lib/bson/max_key.js
236 silly gunzTarPerm modified mode [ 'lib/bson/max_key.js', 420, 438 ]
237 silly gunzTarPerm extractEntry lib/bson/min_key.js
238 silly gunzTarPerm modified mode [ 'lib/bson/min_key.js', 420, 438 ]
239 silly gunzTarPerm extractEntry build/Release/obj.target/bson/ext/bson.o
240 silly gunzTarPerm modified mode [ 'build/Release/obj.target/bson/ext/bson.o', 420, 438 ]
241 silly gunzTarPerm extractEntry lib/bson/objectid.js
242 silly gunzTarPerm modified mode [ 'lib/bson/objectid.js', 420, 438 ]
243 silly gunzTarPerm extractEntry lib/bson/symbol.js
244 silly gunzTarPerm modified mode [ 'lib/bson/symbol.js', 420, 438 ]
245 silly gunzTarPerm extractEntry lib/bson/code.js
246 silly gunzTarPerm modified mode [ 'lib/bson/code.js', 420, 438 ]
247 silly gunzTarPerm extractEntry lib/bson/regexp.js
248 silly gunzTarPerm modified mode [ 'lib/bson/regexp.js', 420, 438 ]
249 silly gunzTarPerm extractEntry lib/bson/bson.js
250 silly gunzTarPerm modified mode [ 'lib/bson/bson.js', 420, 438 ]
251 silly gunzTarPerm extractEntry lib/bson/timestamp.js
252 silly gunzTarPerm modified mode [ 'lib/bson/timestamp.js', 420, 438 ]
253 silly gunzTarPerm extractEntry lib/bson/long.js
254 silly gunzTarPerm modified mode [ 'lib/bson/long.js', 420, 438 ]
255 silly gunzTarPerm extractEntry lib/bson/parser/calculate_size.js
256 silly gunzTarPerm modified mode [ 'lib/bson/parser/calculate_size.js', 420, 438 ]
257 silly gunzTarPerm extractEntry lib/bson/parser/deserializer.js
258 silly gunzTarPerm modified mode [ 'lib/bson/parser/deserializer.js', 420, 438 ]
259 silly gunzTarPerm extractEntry build/binding.Makefile
260 silly gunzTarPerm modified mode [ 'build/binding.Makefile', 420, 438 ]
261 silly gunzTarPerm extractEntry lib/bson/parser/serializer.js
262 silly gunzTarPerm modified mode [ 'lib/bson/parser/serializer.js', 420, 438 ]
263 silly gunzTarPerm extractEntry LICENSE.md
264 silly gunzTarPerm modified mode [ 'LICENSE.md', 420, 438 ]
265 silly gunzTarPerm extractEntry build/bson.target.mk
266 silly gunzTarPerm modified mode [ 'build/bson.target.mk', 420, 438 ]
267 silly gunzTarPerm extractEntry build/config.gypi
268 silly gunzTarPerm modified mode [ 'build/config.gypi', 420, 438 ]
269 silly gunzTarPerm extractEntry build/gyp-mac-tool
270 silly gunzTarPerm modified mode [ 'build/gyp-mac-tool', 493, 511 ]
271 silly gunzTarPerm extractEntry HISTORY
272 silly gunzTarPerm modified mode [ 'HISTORY', 420, 438 ]
273 silly gunzTarPerm extractEntry builderror.log
274 silly gunzTarPerm modified mode [ 'builderror.log', 420, 438 ]
275 silly gunzTarPerm extractEntry ext/index.js
276 silly gunzTarPerm modified mode [ 'ext/index.js', 420, 438 ]
277 silly gunzTarPerm extractEntry ext/Makefile
278 silly gunzTarPerm modified mode [ 'ext/Makefile', 420, 438 ]
279 silly gunzTarPerm extractEntry ext/bson.cc
280 silly gunzTarPerm modified mode [ 'ext/bson.cc', 420, 438 ]
281 silly gunzTarPerm extractEntry ext/bson.h
282 silly gunzTarPerm modified mode [ 'ext/bson.h', 420, 438 ]
283 silly gunzTarPerm extractEntry ext/win32/ia32/bson.node
284 silly gunzTarPerm modified mode [ 'ext/win32/ia32/bson.node', 420, 438 ]
285 silly gunzTarPerm extractEntry ext/win32/x64/bson.node
286 silly gunzTarPerm modified mode [ 'ext/win32/x64/bson.node', 420, 438 ]
287 silly gunzTarPerm extractEntry ext/wscript
288 silly gunzTarPerm modified mode [ 'ext/wscript', 420, 438 ]
289 silly gunzTarPerm extractEntry lib/bson/binary.js
290 silly gunzTarPerm modified mode [ 'lib/bson/binary.js', 420, 438 ]
291 silly gunzTarPerm extractEntry lib/bson/code.js
292 silly gunzTarPerm modified mode [ 'lib/bson/code.js', 420, 438 ]
293 silly gunzTarPerm extractEntry lib/bson/db_ref.js
294 silly gunzTarPerm modified mode [ 'lib/bson/db_ref.js', 420, 438 ]
295 silly gunzTarPerm extractEntry lib/bson/double.js
296 silly gunzTarPerm modified mode [ 'lib/bson/double.js', 420, 438 ]
297 silly gunzTarPerm extractEntry lib/bson/bson_new.js
298 silly gunzTarPerm modified mode [ 'lib/bson/bson_new.js', 420, 438 ]
299 silly gunzTarPerm extractEntry lib/bson/index.js
300 silly gunzTarPerm modified mode [ 'lib/bson/index.js', 420, 438 ]
301 silly gunzTarPerm extractEntry lib/bson/long.js
302 silly gunzTarPerm modified mode [ 'lib/bson/long.js', 420, 438 ]
303 silly gunzTarPerm extractEntry lib/bson/max_key.js
304 silly gunzTarPerm modified mode [ 'lib/bson/max_key.js', 420, 438 ]
305 silly gunzTarPerm extractEntry lib/bson/min_key.js
306 silly gunzTarPerm modified mode [ 'lib/bson/min_key.js', 420, 438 ]
307 silly gunzTarPerm extractEntry lib/bson/objectid.js
308 silly gunzTarPerm modified mode [ 'lib/bson/objectid.js', 420, 438 ]
309 silly gunzTarPerm extractEntry lib/bson/bson.js
310 silly gunzTarPerm modified mode [ 'lib/bson/bson.js', 420, 438 ]
311 silly gunzTarPerm extractEntry lib/bson/symbol.js
312 silly gunzTarPerm modified mode [ 'lib/bson/symbol.js', 420, 438 ]
313 silly gunzTarPerm extractEntry lib/bson/binary_parser.js
314 silly gunzTarPerm modified mode [ 'lib/bson/binary_parser.js', 420, 438 ]
315 silly gunzTarPerm extractEntry lib/bson/timestamp.js
316 silly gunzTarPerm modified mode [ 'lib/bson/timestamp.js', 420, 438 ]
317 silly gunzTarPerm extractEntry lib/bson/float_parser.js
318 silly gunzTarPerm modified mode [ 'lib/bson/float_parser.js', 420, 438 ]
319 silly gunzTarPerm extractEntry tools/gleak.js
320 silly gunzTarPerm modified mode [ 'tools/gleak.js', 420, 438 ]
321 silly gunzTarPerm extractEntry tools/jasmine-1.1.0/jasmine-html.js
322 silly gunzTarPerm modified mode [ 'tools/jasmine-1.1.0/jasmine-html.js', 420, 438 ]
323 silly gunzTarPerm extractEntry tools/jasmine-1.1.0/jasmine.js
324 silly gunzTarPerm modified mode [ 'tools/jasmine-1.1.0/jasmine.js', 420, 438 ]
325 silly gunzTarPerm extractEntry tools/jasmine-1.1.0/MIT.LICENSE
326 silly gunzTarPerm modified mode [ 'tools/jasmine-1.1.0/MIT.LICENSE', 420, 438 ]
327 silly gunzTarPerm extractEntry tools/jasmine-1.1.0/jasmine.css
328 silly gunzTarPerm modified mode [ 'tools/jasmine-1.1.0/jasmine.css', 420, 438 ]
329 silly gunzTarPerm extractEntry tools/jasmine-1.1.0/jasmine_favicon.png
330 silly gunzTarPerm modified mode [ 'tools/jasmine-1.1.0/jasmine_favicon.png', 420, 438 ]
331 silly gentlyRm C:\Users\RajeevPC\Desktop\restful\node_modules\.staging\bson-046ffe56\node_modules is being purged
332 verbose gentlyRm don't care about contents; nuking C:\Users\RajeevPC\Desktop\restful\node_modules\.staging\bson-046ffe56\node_modules
333 silly gentlyRm C:\Users\RajeevPC\Desktop\restful\node_modules\.staging\bson-8857a5a2\node_modules is being purged
334 verbose gentlyRm don't care about contents; nuking C:\Users\RajeevPC\Desktop\restful\node_modules\.staging\bson-8857a5a2\node_modules
335 silly doParallel preinstall 2
336 silly preinstall bson@0.2.22 C:\Users\RajeevPC\Desktop\restful\node_modules\.staging\bson-8857a5a2
337 info lifecycle bson@0.2.22~preinstall: bson@0.2.22
338 silly preinstall bson@1.0.4 C:\Users\RajeevPC\Desktop\restful\node_modules\.staging\bson-046ffe56
339 info lifecycle bson@1.0.4~preinstall: bson@1.0.4
340 silly lifecycle bson@0.2.22~preinstall: no script for preinstall, continuing
341 silly lifecycle bson@1.0.4~preinstall: no script for preinstall, continuing
342 silly doReverseSerial remove 0
343 silly doSerial move 0
344 silly doSerial finalize 2
345 silly finalize C:\Users\RajeevPC\Desktop\restful\node_modules\mongodb\node_modules\bson
346 silly finalize C:\Users\RajeevPC\Desktop\restful\node_modules\bson
347 verbose unlock done using C:\Users\RajeevPC\AppData\Roaming\npm-cache\_locks\staging-9094bd7ee52caf0a.lock for C:\Users\RajeevPC\Desktop\restful\node_modules\.staging
348 silly rollbackFailedOptional Starting
349 silly rollbackFailedOptional Finishing
350 silly runTopLevelLifecycles Starting
351 silly runTopLevelLifecycles Finishing
352 silly install printInstalled
353 warn node-restful@0.2.6 requires a peer of mongoose@~4 but none was installed.
354 warn restful@1.0.0 No description
355 warn restful@1.0.0 No repository field.
356 verbose stack Error: EPERM: operation not permitted, rename 'C:\Users\RajeevPC\Desktop\restful\node_modules\bson' -> 'C:\Users\RajeevPC\Desktop\restful\node_modules\.bson.DELETE'
356 verbose stack     at moveAway (C:\Program Files\nodejs\node_modules\npm\lib\install\action\finalize.js:38:5)
356 verbose stack     at destStatted (C:\Program Files\nodejs\node_modules\npm\lib\install\action\finalize.js:27:7)
356 verbose stack     at FSReqWrap.oncomplete (fs.js:117:15)
356 verbose stack
356 verbose stack Error: EPERM: operation not permitted, rename 'C:\Users\RajeevPC\Desktop\restful\node_modules\bson' -> 'C:\Users\RajeevPC\Desktop\restful\node_modules\.bson.DELETE'
356 verbose stack     at Error (native)
357 verbose cwd C:\Users\RajeevPC\Desktop\restful
358 error Windows_NT 6.3.9600
359 error argv "C:\\Program Files\\nodejs\\node.exe" "C:\\Program Files\\nodejs\\node_modules\\npm\\bin\\npm-cli.js" "install" "bson"
360 error node v6.2.0
361 error npm  v3.8.9
362 error path C:\Users\RajeevPC\Desktop\restful\node_modules\bson
363 error code EPERM
364 error errno -4048
365 error syscall rename
366 error Error: EPERM: operation not permitted, rename 'C:\Users\RajeevPC\Desktop\restful\node_modules\bson' -> 'C:\Users\RajeevPC\Desktop\restful\node_modules\.bson.DELETE'
366 error     at moveAway (C:\Program Files\nodejs\node_modules\npm\lib\install\action\finalize.js:38:5)
366 error     at destStatted (C:\Program Files\nodejs\node_modules\npm\lib\install\action\finalize.js:27:7)
366 error     at FSReqWrap.oncomplete (fs.js:117:15)
366 error
366 error Error: EPERM: operation not permitted, rename 'C:\Users\RajeevPC\Desktop\restful\node_modules\bson' -> 'C:\Users\RajeevPC\Desktop\restful\node_modules\.bson.DELETE'
366 error     at Error (native)
366 error  { Error: EPERM: operation not permitted, rename 'C:\Users\RajeevPC\Desktop\restful\node_modules\bson' -> 'C:\Users\RajeevPC\Desktop\restful\node_modules\.bson.DELETE'
366 error     at moveAway (C:\Program Files\nodejs\node_modules\npm\lib\install\action\finalize.js:38:5)
366 error     at destStatted (C:\Program Files\nodejs\node_modules\npm\lib\install\action\finalize.js:27:7)
366 error     at FSReqWrap.oncomplete (fs.js:117:15)
366 error
366 error Error: EPERM: operation not permitted, rename 'C:\Users\RajeevPC\Desktop\restful\node_modules\bson' -> 'C:\Users\RajeevPC\Desktop\restful\node_modules\.bson.DELETE'
366 error     at Error (native) parent: 'restful' }
367 error Please try running this command again as root/Administrator.
368 verbose exit [ -4048, true ]
