0 info it worked if it ends with ok
1 verbose cli [ 'C:\\Program Files\\nodejs\\node.exe',
1 verbose cli   'C:\\Program Files\\nodejs\\node_modules\\npm\\bin\\npm-cli.js',
1 verbose cli   'start' ]
2 info using npm@3.8.9
3 info using node@v6.2.0
4 verbose run-script [ 'prestart', 'start', 'poststart' ]
5 info lifecycle untitled@0.0.0~prestart: untitled@0.0.0
6 silly lifecycle untitled@0.0.0~prestart: no script for prestart, continuing
7 info lifecycle untitled@0.0.0~start: untitled@0.0.0
8 verbose lifecycle untitled@0.0.0~start: unsafe-perm in lifecycle true
9 verbose lifecycle untitled@0.0.0~start: PATH: C:\Program Files\nodejs\node_modules\npm\bin\node-gyp-bin;E:\AndroidStudioProjects\GitWebsite\WebArea\Nodejs\03-express-first-app\node_modules\.bin;C:\Program Files\nodejs;C:\ProgramData\Oracle\Java\javapath;C:\Program Files\Python35\Scripts\;C:\Program Files\Python35\;C:\Program Files (x86)\Intel\iCLS Client\;C:\Program Files\Intel\iCLS Client\;C:\Windows\system32;C:\Windows;C:\Windows\System32\Wbem;C:\Windows\System32\WindowsPowerShell\v1.0\;C:\Program Files\Java\jdk1.8.0_101\bin;C:\Program Files\Intel\Intel(R) Management Engine Components\DAL;C:\Program Files\Intel\Intel(R) Management Engine Components\IPT;C:\Program Files (x86)\Intel\Intel(R) Management Engine Components\DAL;C:\Program Files (x86)\Intel\Intel(R) Management Engine Components\IPT;C:\Program Files (x86)\MySQL\MySQL Fabric 1.5 & MySQL Utilities 1.5\;C:\Program Files (x86)\MySQL\MySQL Fabric 1.5 & MySQL Utilities 1.5\Doctrine extensions for PHP\;C:\Program Files\MiKTeX 2.9\miktex\bin\x64\;C:\Program Files\nodejs\;C:\MinGW\bin;C:\openssl\bin;C:\Program Files\Java\jdk1.8.0_101\bin;C:\Program Files\Git\cmd;C:\Program Files\Git\mingw64\bin;C:\Program Files\Git\usr\bin;C:\Users\RajeevPC\AppData\Local\atom\bin;C:\Apktool;E:\Study Material\Summer_Internship\APK_EXTRACT
10 verbose lifecycle untitled@0.0.0~start: CWD: E:\AndroidStudioProjects\GitWebsite\WebArea\Nodejs\03-express-first-app
11 silly lifecycle untitled@0.0.0~start: Args: [ '/d /s /c', 'node ./bin/www' ]
12 silly lifecycle untitled@0.0.0~start: Returned: code: 1  signal: null
13 info lifecycle untitled@0.0.0~start: Failed to exec start script
14 verbose stack Error: untitled@0.0.0 start: `node ./bin/www`
14 verbose stack Exit status 1
14 verbose stack     at EventEmitter.<anonymous> (C:\Program Files\nodejs\node_modules\npm\lib\utils\lifecycle.js:245:16)
14 verbose stack     at emitTwo (events.js:106:13)
14 verbose stack     at EventEmitter.emit (events.js:191:7)
14 verbose stack     at ChildProcess.<anonymous> (C:\Program Files\nodejs\node_modules\npm\lib\utils\spawn.js:24:14)
14 verbose stack     at emitTwo (events.js:106:13)
14 verbose stack     at ChildProcess.emit (events.js:191:7)
14 verbose stack     at maybeClose (internal/child_process.js:850:16)
14 verbose stack     at Process.ChildProcess._handle.onexit (internal/child_process.js:215:5)
15 verbose pkgid untitled@0.0.0
16 verbose cwd E:\AndroidStudioProjects\GitWebsite\WebArea\Nodejs\03-express-first-app\bin
17 error Windows_NT 6.3.9600
18 error argv "C:\\Program Files\\nodejs\\node.exe" "C:\\Program Files\\nodejs\\node_modules\\npm\\bin\\npm-cli.js" "start"
19 error node v6.2.0
20 error npm  v3.8.9
21 error code ELIFECYCLE
22 error untitled@0.0.0 start: `node ./bin/www`
22 error Exit status 1
23 error Failed at the untitled@0.0.0 start script 'node ./bin/www'.
23 error Make sure you have the latest version of node.js and npm installed.
23 error If you do, this is most likely a problem with the untitled package,
23 error not with npm itself.
23 error Tell the author that this fails on your system:
23 error     node ./bin/www
23 error You can get information on how to open an issue for this project with:
23 error     npm bugs untitled
23 error Or if that isn't available, you can get their info via:
23 error     npm owner ls untitled
23 error There is likely additional logging output above.
24 verbose exit [ 1, true ]
